2026-02-08 18:25:33,380 - INFO - Initializing GitHub Committer...
2026-02-08 18:25:33,380 - INFO - Loaded configuration: 55 commit messages
2026-02-08 18:25:33,381 - INFO - Using project path: D:\Projects\Practice Projects\Git\Github-Commit\Dummy_Website
2026-02-08 18:25:33,382 - INFO - Found existing git repository at D:\Projects\Practice Projects\Git\Github-Commit\Dummy_Website
2026-02-08 18:25:34,949 - INFO - GitHub authentication successful: fortunatoman
2026-02-08 18:25:34,950 - INFO - Initialization complete
2026-02-08 18:25:34,950 - INFO - Generated schedule: 22 days with commits, 4 sick days skipped
2026-02-08 18:25:34,950 - INFO - Schedule: 22 days, 55 total commits
2026-02-08 18:25:34,950 - INFO - Already completed: 0 commits
2026-02-08 18:25:34,953 - INFO - Modified 3 files
2026-02-08 18:25:36,071 - INFO - Created commit: Fix: Update documentation...
2026-02-08 18:25:39,067 - INFO - Pushed to GitHub: main
2026-02-08 18:25:40,087 - INFO - Modified 3 files
2026-02-08 18:25:40,362 - INFO - Created commit: Feat: Add new feature...
2026-02-08 18:25:43,166 - INFO - Pushed to GitHub: main
2026-02-08 18:25:44,181 - INFO - Modified 3 files
2026-02-08 18:25:44,566 - INFO - Created commit: Refactor: Improve code structure...
2026-02-08 18:25:47,056 - INFO - Pushed to GitHub: main
2026-02-08 18:25:48,067 - INFO - Modified 3 files
2026-02-08 18:25:48,524 - INFO - Created commit: Fix: Resolve bug in authentication...
2026-02-08 18:25:51,001 - INFO - Pushed to GitHub: main
2026-02-08 18:25:52,012 - INFO - Modified 3 files
2026-02-08 18:25:52,352 - INFO - Created commit: Feat: Implement user dashboard...
2026-02-08 18:25:55,277 - INFO - Pushed to GitHub: main
2026-02-08 18:25:56,291 - INFO - Modified 3 files
2026-02-08 18:25:56,577 - INFO - Created commit: Docs: Update API documentation...
2026-02-08 18:25:59,084 - INFO - Pushed to GitHub: main
2026-02-08 18:26:00,125 - INFO - Modified 3 files
2026-02-08 18:26:00,581 - INFO - Created commit: Fix: Correct validation logic...
2026-02-08 18:26:03,070 - INFO - Pushed to GitHub: main
2026-02-08 18:26:04,084 - INFO - Modified 3 files
2026-02-08 18:26:04,460 - INFO - Created commit: Feat: Add error handling...
2026-02-08 18:26:06,962 - INFO - Pushed to GitHub: main
2026-02-08 18:26:07,973 - INFO - Modified 3 files
2026-02-08 18:26:08,403 - INFO - Created commit: Refactor: Optimize database queries...
2026-02-08 18:26:10,903 - INFO - Pushed to GitHub: main
2026-02-08 18:26:11,923 - INFO - Modified 3 files
2026-02-08 18:26:12,235 - INFO - Created commit: Fix: Resolve memory leak...
2026-02-08 18:26:14,733 - INFO - Pushed to GitHub: main
2026-02-08 18:26:15,750 - INFO - Modified 3 files
2026-02-08 18:26:16,065 - INFO - Created commit: Feat: Add new feature...
2026-02-08 18:26:18,580 - INFO - Pushed to GitHub: main
2026-02-08 18:26:19,602 - INFO - Modified 3 files
2026-02-08 18:26:19,928 - INFO - Created commit: Refactor: Improve code structure...
2026-02-08 18:26:22,651 - INFO - Pushed to GitHub: main
2026-02-08 18:26:23,668 - INFO - Modified 3 files
2026-02-08 18:26:23,957 - INFO - Created commit: Fix: Resolve bug in authentication...
2026-02-08 18:26:26,489 - INFO - Pushed to GitHub: main
2026-02-08 18:26:27,513 - INFO - Modified 3 files
2026-02-08 18:26:27,814 - INFO - Created commit: Feat: Implement user dashboard...
2026-02-08 18:26:30,321 - INFO - Pushed to GitHub: main
2026-02-08 18:26:31,339 - INFO - Modified 3 files
2026-02-08 18:26:31,615 - INFO - Created commit: Docs: Update API documentation...
2026-02-08 18:26:34,092 - INFO - Pushed to GitHub: main
2026-02-08 18:26:35,113 - INFO - Modified 3 files
2026-02-08 18:26:35,701 - INFO - Created commit: Fix: Correct validation logic...
2026-02-08 18:26:38,345 - INFO - Pushed to GitHub: main
2026-02-08 18:26:39,361 - INFO - Modified 3 files
2026-02-08 18:26:39,990 - INFO - Created commit: Feat: Add error handling...
2026-02-08 18:26:42,535 - INFO - Pushed to GitHub: main
2026-02-08 18:26:43,553 - INFO - Modified 3 files
2026-02-08 18:26:44,281 - INFO - Created commit: Refactor: Optimize database queries...
2026-02-08 18:26:46,841 - INFO - Pushed to GitHub: main
2026-02-08 18:26:47,857 - INFO - Modified 3 files
2026-02-08 18:26:48,198 - INFO - Created commit: Fix: Resolve memory leak...
2026-02-08 18:26:51,223 - INFO - Pushed to GitHub: main
2026-02-08 18:26:52,239 - INFO - Modified 3 files
2026-02-08 18:26:52,527 - INFO - Created commit: Feat: Add new feature...
2026-02-08 18:26:55,153 - INFO - Pushed to GitHub: main
2026-02-08 18:26:56,175 - INFO - Modified 3 files
2026-02-08 18:26:56,533 - INFO - Created commit: Refactor: Improve code structure...
2026-02-08 18:26:59,091 - INFO - Pushed to GitHub: main
2026-02-08 18:27:00,107 - INFO - Modified 3 files
2026-02-08 18:27:00,402 - INFO - Created commit: Fix: Resolve bug in authentication...
2026-02-08 18:27:02,926 - INFO - Pushed to GitHub: main
2026-02-08 18:27:03,956 - INFO - Modified 3 files
2026-02-08 18:27:04,388 - INFO - Created commit: Feat: Implement user dashboard...
2026-02-08 18:27:06,873 - INFO - Pushed to GitHub: main
2026-02-08 18:27:07,902 - INFO - Modified 3 files
2026-02-08 18:27:08,366 - INFO - Created commit: Docs: Update API documentation...
2026-02-08 18:27:10,884 - INFO - Pushed to GitHub: main
2026-02-08 18:27:11,888 - INFO - Modified 3 files
2026-02-08 18:27:12,352 - INFO - Created commit: Fix: Correct validation logic...
2026-02-08 18:27:14,864 - INFO - Pushed to GitHub: main
2026-02-08 18:27:15,865 - INFO - Modified 3 files
2026-02-08 18:27:16,301 - INFO - Created commit: Feat: Add error handling...
2026-02-08 18:27:18,873 - INFO - Pushed to GitHub: main
2026-02-08 18:27:19,892 - INFO - Modified 3 files
2026-02-08 18:27:20,256 - INFO - Created commit: Refactor: Optimize database queries...
2026-02-08 18:27:23,102 - INFO - Pushed to GitHub: main
2026-02-08 18:27:24,119 - INFO - Modified 3 files
2026-02-08 18:27:24,420 - INFO - Created commit: Fix: Resolve memory leak...
2026-02-08 18:27:27,063 - INFO - Pushed to GitHub: main
2026-02-08 18:27:28,080 - INFO - Modified 3 files
2026-02-08 18:27:28,457 - INFO - Created commit: Feat: Add new feature...
2026-02-08 18:27:31,270 - INFO - Pushed to GitHub: main
2026-02-08 18:27:32,290 - INFO - Modified 3 files
2026-02-08 18:27:32,590 - INFO - Created commit: Refactor: Improve code structure...
2026-02-08 18:27:35,144 - INFO - Pushed to GitHub: main
2026-02-08 18:27:36,181 - INFO - Modified 3 files
2026-02-08 18:27:36,559 - INFO - Created commit: Fix: Resolve bug in authentication...
2026-02-08 18:27:39,103 - INFO - Pushed to GitHub: main
2026-02-08 18:27:40,119 - INFO - Modified 3 files
2026-02-08 18:27:40,437 - INFO - Created commit: Feat: Implement user dashboard...
2026-02-08 18:27:43,219 - INFO - Pushed to GitHub: main
2026-02-08 18:27:44,235 - INFO - Modified 3 files
2026-02-08 18:27:44,529 - INFO - Created commit: Docs: Update API documentation...
2026-02-08 18:27:47,109 - INFO - Pushed to GitHub: main
2026-02-08 18:27:48,126 - INFO - Modified 3 files
2026-02-08 18:27:48,514 - INFO - Created commit: Fix: Correct validation logic...
2026-02-08 18:27:51,062 - INFO - Pushed to GitHub: main
2026-02-08 18:27:52,080 - INFO - Modified 3 files
2026-02-08 18:27:52,433 - INFO - Created commit: Feat: Add error handling...
2026-02-08 18:27:54,986 - INFO - Pushed to GitHub: main
2026-02-08 18:27:56,003 - INFO - Modified 3 files
2026-02-08 18:27:56,281 - INFO - Created commit: Refactor: Optimize database queries...
2026-02-08 18:27:58,839 - INFO - Pushed to GitHub: main
2026-02-08 18:27:59,855 - INFO - Modified 3 files
2026-02-08 18:28:00,295 - INFO - Created commit: Fix: Resolve memory leak...
2026-02-08 18:28:02,872 - INFO - Pushed to GitHub: main
2026-02-08 18:28:03,893 - INFO - Modified 3 files
2026-02-08 18:28:04,537 - INFO - Created commit: Feat: Add new feature...
2026-02-08 18:28:07,032 - INFO - Pushed to GitHub: main
2026-02-08 18:28:08,050 - INFO - Modified 3 files
2026-02-08 18:28:08,467 - INFO - Created commit: Refactor: Improve code structure...
2026-02-08 18:28:11,013 - INFO - Pushed to GitHub: main
2026-02-08 18:28:12,030 - INFO - Modified 3 files
2026-02-08 18:28:12,441 - INFO - Created commit: Fix: Resolve bug in authentication...
2026-02-08 18:28:14,947 - INFO - Pushed to GitHub: main
2026-02-08 18:28:15,971 - INFO - Modified 3 files
2026-02-08 18:28:16,447 - INFO - Created commit: Feat: Implement user dashboard...
2026-02-08 18:28:19,107 - INFO - Pushed to GitHub: main
2026-02-08 18:28:20,147 - INFO - Modified 3 files
2026-02-08 18:28:20,569 - INFO - Created commit: Docs: Update API documentation...
2026-02-08 18:28:23,863 - INFO - Pushed to GitHub: main
2026-02-08 18:28:24,879 - INFO - Modified 3 files
2026-02-08 18:28:25,195 - INFO - Created commit: Fix: Correct validation logic...
2026-02-08 18:28:27,753 - INFO - Pushed to GitHub: main
2026-02-08 18:28:28,769 - INFO - Modified 3 files
2026-02-08 18:28:29,110 - INFO - Created commit: Feat: Add error handling...
2026-02-08 18:28:31,711 - INFO - Pushed to GitHub: main
2026-02-08 18:28:32,727 - INFO - Modified 3 files
2026-02-08 18:28:33,199 - INFO - Created commit: Refactor: Optimize database queries...
2026-02-08 18:28:36,093 - INFO - Pushed to GitHub: main
2026-02-08 18:28:37,111 - INFO - Modified 3 files
2026-02-08 18:28:37,450 - INFO - Created commit: Fix: Resolve memory leak...
2026-02-08 18:28:39,987 - INFO - Pushed to GitHub: main
2026-02-08 18:28:41,008 - INFO - Modified 3 files
2026-02-08 18:28:41,277 - INFO - Created commit: Feat: Add new feature...
2026-02-08 18:28:43,861 - INFO - Pushed to GitHub: main
2026-02-08 18:28:44,884 - INFO - Modified 3 files
2026-02-08 18:28:45,261 - INFO - Created commit: Refactor: Improve code structure...
2026-02-08 18:28:47,892 - INFO - Pushed to GitHub: main
2026-02-08 18:28:48,909 - INFO - Modified 3 files
2026-02-08 18:28:49,347 - INFO - Created commit: Fix: Resolve bug in authentication...
2026-02-08 18:28:51,982 - INFO - Pushed to GitHub: main
2026-02-08 18:28:52,999 - INFO - Modified 3 files
2026-02-08 18:28:53,381 - INFO - Created commit: Feat: Implement user dashboard...
2026-02-08 18:28:55,996 - INFO - Pushed to GitHub: main
2026-02-08 18:28:57,016 - INFO - Modified 3 files
2026-02-08 18:28:57,559 - INFO - Created commit: Docs: Update API documentation...
2026-02-08 18:29:00,152 - INFO - Pushed to GitHub: main
2026-02-08 18:29:01,174 - INFO - Modified 3 files
2026-02-08 18:29:01,884 - INFO - Created commit: Fix: Correct validation logic...
2026-02-08 18:29:04,431 - INFO - Pushed to GitHub: main
2026-02-08 18:29:05,447 - INFO - Modified 3 files
2026-02-08 18:29:05,801 - INFO - Created commit: Feat: Add error handling...
